# JRE version: Java(TM) SE Runtime Environment 18.9 (11.0.18+9) (build 11.0.18+9-LTS-195)
# Java VM: Java HotSpot(TM) 64-Bit Server VM 18.9 (11.0.18+9-LTS-195, mixed mode, tiered, compressed oops, g1 gc, windows-amd64)
Heap:
 garbage-first heap   total 290816K, used 243249K [0x0000000702400000, 0x0000000800000000)
  region size 1024K, 148 young (151552K), 1 survivors (1024K)
 Metaspace       used 27954K, capacity 28616K, committed 28924K, reserved 1075200K
  class space    used 3514K, capacity 3806K, committed 3916K, reserved 1048576K
GC Heap History (10 events):
Event: 35.880 GC heap before
{Heap before GC invocations=23 (full 0):
 garbage-first heap   total 280576K, used 280166K [0x0000000702400000, 0x0000000800000000)
  region size 1024K, 159 young (162816K), 1 survivors (1024K)
 Metaspace       used 27914K, capacity 28616K, committed 28924K, reserved 1075200K
  class space    used 3514K, capacity 3806K, committed 3916K, reserved 1048576K
}
Event: 35.882 GC heap after
{Heap after GC invocations=24 (full 0):
 garbage-first heap   total 282624K, used 13844K [0x0000000702400000, 0x0000000800000000)
  region size 1024K, 1 young (1024K), 1 survivors (1024K)
 Metaspace       used 27914K, capacity 28616K, committed 28924K, reserved 1075200K
  class space    used 3514K, capacity 3806K, committed 3916K, reserved 1048576K
}
Event: 37.898 GC heap before
{Heap before GC invocations=24 (full 0):
 garbage-first heap   total 284672K, used 283156K [0x0000000702400000, 0x0000000800000000)
  region size 1024K, 162 young (165888K), 1 survivors (1024K)
 Metaspace       used 27949K, capacity 28616K, committed 28924K, reserved 1075200K
  class space    used 3514K, capacity 3806K, committed 3916K, reserved 1048576K
}
Event: 37.900 GC heap after
{Heap after GC invocations=25 (full 0):
 garbage-first heap   total 285696K, used 15935K [0x0000000702400000, 0x0000000800000000)
  region size 1024K, 1 young (1024K), 1 survivors (1024K)
 Metaspace       used 27949K, capacity 28616K, committed 28924K, reserved 1075200K
  class space    used 3514K, capacity 3806K, committed 3916K, reserved 1048576K
}
Event: 39.924 GC heap before
{Heap before GC invocations=25 (full 0):
 garbage-first heap   total 287744K, used 286271K [0x0000000702400000, 0x0000000800000000)
  region size 1024K, 163 young (166912K), 1 survivors (1024K)
 Metaspace       used 27951K, capacity 28616K, committed 28924K, reserved 1075200K
  class space    used 3514K, capacity 3806K, committed 3916K, reserved 1048576K
}
Event: 39.926 GC heap after
{Heap after GC invocations=26 (full 0):
 garbage-first heap   total 288768K, used 15920K [0x0000000702400000, 0x0000000800000000)
  region size 1024K, 1 young (1024K), 1 survivors (1024K)
 Metaspace       used 27951K, capacity 28616K, committed 28924K, reserved 1075200K
  class space    used 3514K, capacity 3806K, committed 3916K, reserved 1048576K
}
Event: 41.982 GC heap before
{Heap before GC invocations=26 (full 0):
 garbage-first heap   total 288768K, used 287280K [0x0000000702400000, 0x0000000800000000)
  region size 1024K, 164 young (167936K), 1 survivors (1024K)
 Metaspace       used 27951K, capacity 28616K, committed 28924K, reserved 1075200K
  class space    used 3514K, capacity 3806K, committed 3916K, reserved 1048576K
}
Event: 41.984 GC heap after
{Heap after GC invocations=27 (full 0):
 garbage-first heap   total 289792K, used 15924K [0x0000000702400000, 0x0000000800000000)
  region size 1024K, 1 young (1024K), 1 survivors (1024K)
 Metaspace       used 27951K, capacity 28616K, committed 28924K, reserved 1075200K
  class space    used 3514K, capacity 3806K, committed 3916K, reserved 1048576K
}
Event: 44.020 GC heap before
{Heap before GC invocations=27 (full 0):
 garbage-first heap   total 289792K, used 288308K [0x0000000702400000, 0x0000000800000000)
  region size 1024K, 165 young (168960K), 1 survivors (1024K)
 Metaspace       used 27954K, capacity 28616K, committed 28924K, reserved 1075200K
  class space    used 3514K, capacity 3806K, committed 3916K, reserved 1048576K
}
Event: 44.021 GC heap after
{Heap after GC invocations=28 (full 0):
 garbage-first heap   total 290816K, used 13873K [0x0000000702400000, 0x0000000800000000)
  region size 1024K, 1 young (1024K), 1 survivors (1024K)
 Metaspace       used 27954K, capacity 28616K, committed 28924K, reserved 1075200K
  class space    used 3514K, capacity 3806K, committed 3916K, reserved 1048576K
}

