# JRE version: Java(TM) SE Runtime Environment 18.9 (11.0.18+9) (build 11.0.18+9-LTS-195)
# Java VM: Java HotSpot(TM) 64-Bit Server VM 18.9 (11.0.18+9-LTS-195, mixed mode, tiered, compressed oops, g1 gc, windows-amd64)
Heap:
 garbage-first heap   total 297984K, used 19218K [0x0000000702400000, 0x0000000800000000)
  region size 1024K, 5 young (5120K), 1 survivors (1024K)
 Metaspace       used 28003K, capacity 28714K, committed 28924K, reserved 1075200K
  class space    used 3519K, capacity 3838K, committed 3916K, reserved 1048576K
GC Heap History (10 events):
Event: 40.712 GC heap before
{Heap before GC invocations=26 (full 0):
 garbage-first heap   total 287744K, used 286464K [0x0000000702400000, 0x0000000800000000)
  region size 1024K, 159 young (162816K), 1 survivors (1024K)
 Metaspace       used 28003K, capacity 28714K, committed 28924K, reserved 1075200K
  class space    used 3519K, capacity 3838K, committed 3916K, reserved 1048576K
}
Event: 40.716 GC heap after
{Heap after GC invocations=27 (full 0):
 garbage-first heap   total 288768K, used 14083K [0x0000000702400000, 0x0000000800000000)
  region size 1024K, 1 young (1024K), 1 survivors (1024K)
 Metaspace       used 28003K, capacity 28714K, committed 28924K, reserved 1075200K
  class space    used 3519K, capacity 3838K, committed 3916K, reserved 1048576K
}
Event: 43.482 GC heap before
{Heap before GC invocations=27 (full 0):
 garbage-first heap   total 290816K, used 289539K [0x0000000702400000, 0x0000000800000000)
  region size 1024K, 168 young (172032K), 1 survivors (1024K)
 Metaspace       used 28003K, capacity 28714K, committed 28924K, reserved 1075200K
  class space    used 3519K, capacity 3838K, committed 3916K, reserved 1048576K
}
Event: 43.484 GC heap after
{Heap after GC invocations=28 (full 0):
 garbage-first heap   total 291840K, used 16129K [0x0000000702400000, 0x0000000800000000)
  region size 1024K, 1 young (1024K), 1 survivors (1024K)
 Metaspace       used 28003K, capacity 28714K, committed 28924K, reserved 1075200K
  class space    used 3519K, capacity 3838K, committed 3916K, reserved 1048576K
}
Event: 45.597 GC heap before
{Heap before GC invocations=28 (full 0):
 garbage-first heap   total 291840K, used 290561K [0x0000000702400000, 0x0000000800000000)
  region size 1024K, 163 young (166912K), 1 survivors (1024K)
 Metaspace       used 28003K, capacity 28714K, committed 28924K, reserved 1075200K
  class space    used 3519K, capacity 3838K, committed 3916K, reserved 1048576K
}
Event: 45.600 GC heap after
{Heap after GC invocations=29 (full 0):
 garbage-first heap   total 292864K, used 14083K [0x0000000702400000, 0x0000000800000000)
  region size 1024K, 1 young (1024K), 1 survivors (1024K)
 Metaspace       used 28003K, capacity 28714K, committed 28924K, reserved 1075200K
  class space    used 3519K, capacity 3838K, committed 3916K, reserved 1048576K
}
Event: 47.708 GC heap before
{Heap before GC invocations=29 (full 0):
 garbage-first heap   total 296960K, used 295683K [0x0000000702400000, 0x0000000800000000)
  region size 1024K, 170 young (174080K), 1 survivors (1024K)
 Metaspace       used 28003K, capacity 28714K, committed 28924K, reserved 1075200K
  class space    used 3519K, capacity 3838K, committed 3916K, reserved 1048576K
}
Event: 47.709 GC heap after
{Heap after GC invocations=30 (full 0):
 garbage-first heap   total 297984K, used 16140K [0x0000000702400000, 0x0000000800000000)
  region size 1024K, 1 young (1024K), 1 survivors (1024K)
 Metaspace       used 28003K, capacity 28714K, committed 28924K, reserved 1075200K
  class space    used 3519K, capacity 3838K, committed 3916K, reserved 1048576K
}
Event: 50.260 GC heap before
{Heap before GC invocations=30 (full 0):
 garbage-first heap   total 297984K, used 281356K [0x0000000702400000, 0x0000000800000000)
  region size 1024K, 174 young (178176K), 1 survivors (1024K)
 Metaspace       used 28003K, capacity 28714K, committed 28924K, reserved 1075200K
  class space    used 3519K, capacity 3838K, committed 3916K, reserved 1048576K
}
Event: 50.261 GC heap after
{Heap after GC invocations=31 (full 0):
 garbage-first heap   total 297984K, used 16146K [0x0000000702400000, 0x0000000800000000)
  region size 1024K, 1 young (1024K), 1 survivors (1024K)
 Metaspace       used 28003K, capacity 28714K, committed 28924K, reserved 1075200K
  class space    used 3519K, capacity 3838K, committed 3916K, reserved 1048576K
}

