# JRE version: Java(TM) SE Runtime Environment 18.9 (11.0.18+9) (build 11.0.18+9-LTS-195)
# Java VM: Java HotSpot(TM) 64-Bit Server VM 18.9 (11.0.18+9-LTS-195, mixed mode, tiered, compressed oops, g1 gc, windows-amd64)
Heap:
 garbage-first heap   total 302080K, used 24147K [0x0000000702400000, 0x0000000800000000)
  region size 1024K, 10 young (10240K), 1 survivors (1024K)
 Metaspace       used 27925K, capacity 28620K, committed 28924K, reserved 1075200K
  class space    used 3513K, capacity 3806K, committed 3916K, reserved 1048576K
GC Heap History (10 events):
Event: 35.120 GC heap before
{Heap before GC invocations=25 (full 0):
 garbage-first heap   total 292864K, used 291397K [0x0000000702400000, 0x0000000800000000)
  region size 1024K, 168 young (172032K), 1 survivors (1024K)
 Metaspace       used 27913K, capacity 28617K, committed 28924K, reserved 1075200K
  class space    used 3513K, capacity 3806K, committed 3916K, reserved 1048576K
}
Event: 35.123 GC heap after
{Heap after GC invocations=26 (full 0):
 garbage-first heap   total 293888K, used 15953K [0x0000000702400000, 0x0000000800000000)
  region size 1024K, 1 young (1024K), 1 survivors (1024K)
 Metaspace       used 27913K, capacity 28617K, committed 28924K, reserved 1075200K
  class space    used 3513K, capacity 3806K, committed 3916K, reserved 1048576K
}
Event: 37.124 GC heap before
{Heap before GC invocations=26 (full 0):
 garbage-first heap   total 295936K, used 293457K [0x0000000702400000, 0x0000000800000000)
  region size 1024K, 172 young (176128K), 1 survivors (1024K)
 Metaspace       used 27917K, capacity 28617K, committed 28924K, reserved 1075200K
  class space    used 3513K, capacity 3806K, committed 3916K, reserved 1048576K
}
Event: 37.125 GC heap after
{Heap after GC invocations=27 (full 0):
 garbage-first heap   total 295936K, used 15949K [0x0000000702400000, 0x0000000800000000)
  region size 1024K, 1 young (1024K), 1 survivors (1024K)
 Metaspace       used 27917K, capacity 28617K, committed 28924K, reserved 1075200K
  class space    used 3513K, capacity 3806K, committed 3916K, reserved 1048576K
}
Event: 39.258 GC heap before
{Heap before GC invocations=27 (full 0):
 garbage-first heap   total 297984K, used 296525K [0x0000000702400000, 0x0000000800000000)
  region size 1024K, 169 young (173056K), 1 survivors (1024K)
 Metaspace       used 27921K, capacity 28617K, committed 28924K, reserved 1075200K
  class space    used 3513K, capacity 3806K, committed 3916K, reserved 1048576K
}
Event: 39.260 GC heap after
{Heap after GC invocations=28 (full 0):
 garbage-first heap   total 299008K, used 15948K [0x0000000702400000, 0x0000000800000000)
  region size 1024K, 1 young (1024K), 1 survivors (1024K)
 Metaspace       used 27921K, capacity 28617K, committed 28924K, reserved 1075200K
  class space    used 3513K, capacity 3806K, committed 3916K, reserved 1048576K
}
Event: 41.324 GC heap before
{Heap before GC invocations=28 (full 0):
 garbage-first heap   total 301056K, used 299596K [0x0000000702400000, 0x0000000800000000)
  region size 1024K, 174 young (178176K), 1 survivors (1024K)
 Metaspace       used 27925K, capacity 28620K, committed 28924K, reserved 1075200K
  class space    used 3513K, capacity 3806K, committed 3916K, reserved 1048576K
}
Event: 41.325 GC heap after
{Heap after GC invocations=29 (full 0):
 garbage-first heap   total 302080K, used 15957K [0x0000000702400000, 0x0000000800000000)
  region size 1024K, 1 young (1024K), 1 survivors (1024K)
 Metaspace       used 27925K, capacity 28620K, committed 28924K, reserved 1075200K
  class space    used 3513K, capacity 3806K, committed 3916K, reserved 1048576K
}
Event: 43.900 GC heap before
{Heap before GC invocations=29 (full 0):
 garbage-first heap   total 302080K, used 274005K [0x0000000702400000, 0x0000000800000000)
  region size 1024K, 177 young (181248K), 1 survivors (1024K)
 Metaspace       used 27925K, capacity 28620K, committed 28924K, reserved 1075200K
  class space    used 3513K, capacity 3806K, committed 3916K, reserved 1048576K
}
Event: 43.903 GC heap after
{Heap after GC invocations=30 (full 0):
 garbage-first heap   total 302080K, used 15955K [0x0000000702400000, 0x0000000800000000)
  region size 1024K, 1 young (1024K), 1 survivors (1024K)
 Metaspace       used 27925K, capacity 28620K, committed 28924K, reserved 1075200K
  class space    used 3513K, capacity 3806K, committed 3916K, reserved 1048576K
}

