# JRE version: Java(TM) SE Runtime Environment 18.9 (11.0.18+9) (build 11.0.18+9-LTS-195)
# Java VM: Java HotSpot(TM) 64-Bit Server VM 18.9 (11.0.18+9-LTS-195, mixed mode, tiered, compressed oops, g1 gc, windows-amd64)
Heap:
 garbage-first heap   total 309248K, used 45817K [0x0000000702400000, 0x0000000800000000)
  region size 1024K, 25 young (25600K), 1 survivors (1024K)
 Metaspace       used 27909K, capacity 28621K, committed 28672K, reserved 1075200K
  class space    used 3518K, capacity 3806K, committed 3840K, reserved 1048576K
GC Heap History (10 events):
Event: 59.005 GC heap before
{Heap before GC invocations=36 (full 0):
 garbage-first heap   total 305152K, used 303851K [0x0000000702400000, 0x0000000800000000)
  region size 1024K, 166 young (169984K), 1 survivors (1024K)
 Metaspace       used 27908K, capacity 28621K, committed 28672K, reserved 1075200K
  class space    used 3518K, capacity 3806K, committed 3840K, reserved 1048576K
}
Event: 59.006 GC heap after
{Heap after GC invocations=37 (full 0):
 garbage-first heap   total 306176K, used 14056K [0x0000000702400000, 0x0000000800000000)
  region size 1024K, 1 young (1024K), 1 survivors (1024K)
 Metaspace       used 27908K, capacity 28621K, committed 28672K, reserved 1075200K
  class space    used 3518K, capacity 3806K, committed 3840K, reserved 1048576K
}
Event: 61.163 GC heap before
{Heap before GC invocations=37 (full 0):
 garbage-first heap   total 306176K, used 304872K [0x0000000702400000, 0x0000000800000000)
  region size 1024K, 177 young (181248K), 1 survivors (1024K)
 Metaspace       used 27908K, capacity 28621K, committed 28672K, reserved 1075200K
  class space    used 3518K, capacity 3806K, committed 3840K, reserved 1048576K
}
Event: 61.164 GC heap after
{Heap after GC invocations=38 (full 0):
 garbage-first heap   total 307200K, used 16115K [0x0000000702400000, 0x0000000800000000)
  region size 1024K, 1 young (1024K), 1 survivors (1024K)
 Metaspace       used 27908K, capacity 28621K, committed 28672K, reserved 1075200K
  class space    used 3518K, capacity 3806K, committed 3840K, reserved 1048576K
}
Event: 63.450 GC heap before
{Heap before GC invocations=38 (full 0):
 garbage-first heap   total 307200K, used 305907K [0x0000000702400000, 0x0000000800000000)
  region size 1024K, 170 young (174080K), 1 survivors (1024K)
 Metaspace       used 27908K, capacity 28621K, committed 28672K, reserved 1075200K
  class space    used 3518K, capacity 3806K, committed 3840K, reserved 1048576K
}
Event: 63.452 GC heap after
{Heap after GC invocations=39 (full 0):
 garbage-first heap   total 308224K, used 16116K [0x0000000702400000, 0x0000000800000000)
  region size 1024K, 1 young (1024K), 1 survivors (1024K)
 Metaspace       used 27908K, capacity 28621K, committed 28672K, reserved 1075200K
  class space    used 3518K, capacity 3806K, committed 3840K, reserved 1048576K
}
Event: 65.609 GC heap before
{Heap before GC invocations=39 (full 0):
 garbage-first heap   total 308224K, used 306932K [0x0000000702400000, 0x0000000800000000)
  region size 1024K, 177 young (181248K), 1 survivors (1024K)
 Metaspace       used 27908K, capacity 28621K, committed 28672K, reserved 1075200K
  class space    used 3518K, capacity 3806K, committed 3840K, reserved 1048576K
}
Event: 65.611 GC heap after
{Heap after GC invocations=40 (full 0):
 garbage-first heap   total 309248K, used 16118K [0x0000000702400000, 0x0000000800000000)
  region size 1024K, 1 young (1024K), 1 survivors (1024K)
 Metaspace       used 27908K, capacity 28621K, committed 28672K, reserved 1075200K
  class space    used 3518K, capacity 3806K, committed 3840K, reserved 1048576K
}
Event: 68.641 GC heap before
{Heap before GC invocations=40 (full 0):
 garbage-first heap   total 309248K, used 304886K [0x0000000702400000, 0x0000000800000000)
  region size 1024K, 181 young (185344K), 1 survivors (1024K)
 Metaspace       used 27909K, capacity 28621K, committed 28672K, reserved 1075200K
  class space    used 3518K, capacity 3806K, committed 3840K, reserved 1048576K
}
Event: 68.641 GC heap after
{Heap after GC invocations=41 (full 0):
 garbage-first heap   total 309248K, used 14073K [0x0000000702400000, 0x0000000800000000)
  region size 1024K, 1 young (1024K), 1 survivors (1024K)
 Metaspace       used 27909K, capacity 28621K, committed 28672K, reserved 1075200K
  class space    used 3518K, capacity 3806K, committed 3840K, reserved 1048576K
}

