# JRE version: Java(TM) SE Runtime Environment 18.9 (11.0.18+9) (build 11.0.18+9-LTS-195)
# Java VM: Java HotSpot(TM) 64-Bit Server VM 18.9 (11.0.18+9-LTS-195, mixed mode, tiered, compressed oops, g1 gc, windows-amd64)
Heap:
 garbage-first heap   total 377856K, used 344892K [0x0000000702400000, 0x0000000800000000)
  region size 1024K, 217 young (222208K), 1 survivors (1024K)
 Metaspace       used 28017K, capacity 28772K, committed 28924K, reserved 1075200K
  class space    used 3521K, capacity 3816K, committed 3916K, reserved 1048576K
GC Heap History (10 events):
Event: 193.575 GC heap before
{Heap before GC invocations=92 (full 0):
 garbage-first heap   total 371712K, used 370485K [0x0000000702400000, 0x0000000800000000)
  region size 1024K, 215 young (220160K), 1 survivors (1024K)
 Metaspace       used 28010K, capacity 28772K, committed 28924K, reserved 1075200K
  class space    used 3521K, capacity 3816K, committed 3916K, reserved 1048576K
}
Event: 193.577 GC heap after
{Heap after GC invocations=93 (full 0):
 garbage-first heap   total 372736K, used 16182K [0x0000000702400000, 0x0000000800000000)
  region size 1024K, 1 young (1024K), 1 survivors (1024K)
 Metaspace       used 28010K, capacity 28772K, committed 28924K, reserved 1075200K
  class space    used 3521K, capacity 3816K, committed 3916K, reserved 1048576K
}
Event: 196.204 GC heap before
{Heap before GC invocations=93 (full 0):
 garbage-first heap   total 374784K, used 373558K [0x0000000702400000, 0x0000000800000000)
  region size 1024K, 218 young (223232K), 1 survivors (1024K)
 Metaspace       used 28010K, capacity 28772K, committed 28924K, reserved 1075200K
  class space    used 3521K, capacity 3816K, committed 3916K, reserved 1048576K
}
Event: 196.205 GC heap after
{Heap after GC invocations=94 (full 0):
 garbage-first heap   total 375808K, used 16179K [0x0000000702400000, 0x0000000800000000)
  region size 1024K, 1 young (1024K), 1 survivors (1024K)
 Metaspace       used 28010K, capacity 28772K, committed 28924K, reserved 1075200K
  class space    used 3521K, capacity 3816K, committed 3916K, reserved 1048576K
}
Event: 198.741 GC heap before
{Heap before GC invocations=94 (full 0):
 garbage-first heap   total 375808K, used 371507K [0x0000000702400000, 0x0000000800000000)
  region size 1024K, 220 young (225280K), 1 survivors (1024K)
 Metaspace       used 28017K, capacity 28772K, committed 28924K, reserved 1075200K
  class space    used 3521K, capacity 3816K, committed 3916K, reserved 1048576K
}
Event: 198.742 GC heap after
{Heap after GC invocations=95 (full 0):
 garbage-first heap   total 375808K, used 16184K [0x0000000702400000, 0x0000000800000000)
  region size 1024K, 1 young (1024K), 1 survivors (1024K)
 Metaspace       used 28017K, capacity 28772K, committed 28924K, reserved 1075200K
  class space    used 3521K, capacity 3816K, committed 3916K, reserved 1048576K
}
Event: 201.455 GC heap before
{Heap before GC invocations=95 (full 0):
 garbage-first heap   total 375808K, used 374584K [0x0000000702400000, 0x0000000800000000)
  region size 1024K, 217 young (222208K), 1 survivors (1024K)
 Metaspace       used 28017K, capacity 28772K, committed 28924K, reserved 1075200K
  class space    used 3521K, capacity 3816K, committed 3916K, reserved 1048576K
}
Event: 201.457 GC heap after
{Heap after GC invocations=96 (full 0):
 garbage-first heap   total 376832K, used 14140K [0x0000000702400000, 0x0000000800000000)
  region size 1024K, 1 young (1024K), 1 survivors (1024K)
 Metaspace       used 28017K, capacity 28772K, committed 28924K, reserved 1075200K
  class space    used 3521K, capacity 3816K, committed 3916K, reserved 1048576K
}
Event: 204.151 GC heap before
{Heap before GC invocations=96 (full 0):
 garbage-first heap   total 376832K, used 375612K [0x0000000702400000, 0x0000000800000000)
  region size 1024K, 218 young (223232K), 1 survivors (1024K)
 Metaspace       used 28017K, capacity 28772K, committed 28924K, reserved 1075200K
  class space    used 3521K, capacity 3816K, committed 3916K, reserved 1048576K
}
Event: 204.153 GC heap after
{Heap after GC invocations=97 (full 0):
 garbage-first heap   total 377856K, used 16188K [0x0000000702400000, 0x0000000800000000)
  region size 1024K, 1 young (1024K), 1 survivors (1024K)
 Metaspace       used 28017K, capacity 28772K, committed 28924K, reserved 1075200K
  class space    used 3521K, capacity 3816K, committed 3916K, reserved 1048576K
}

